<?xml version="1.0" encoding="UTF-8"?>
<!-- Generated by org.testng.reporters.JUnitReportReporter -->
<testsuite hostname="welcome-PC" failures="0" tests="1" name="PageObjectModel.PageObjectActions" time="12.986" errors="0" timestamp="2023-12-10T22:19:17 IST" skipped="0">
  <testcase classname="PageObjectModel.PageObjectActions" name="LoadDriver" time="12.986"/>
  <system-out/>
</testsuite> <!-- PageObjectModel.PageObjectActions -->
