<?xml version="1.0" encoding="UTF-8"?>
<!-- Generated by org.testng.reporters.JUnitReportReporter -->
<testsuite hostname="welcome-PC" failures="0" tests="4" name="TestNG.TestNGLearning" time="0.042" errors="0" timestamp="2023-12-13T21:46:30 IST" skipped="0">
  <testcase classname="TestNG.TestNGLearning" name="TestNGSample2" time="0.002"/>
  <system-out/>
  <testcase classname="TestNG.TestNGLearning" name="TestNGSample" time="0.031"/>
  <system-out/>
  <testcase classname="TestNG.TestNGLearning" name="TestNGSample" time="0.003"/>
  <system-out/>
  <testcase classname="TestNG.TestNGLearning" name="TestNGSample" time="0.006"/>
  <system-out/>
</testsuite> <!-- TestNG.TestNGLearning -->
